<?xml version="1.0" encoding="UTF-8"?>
<!-- Generated by org.testng.reporters.JUnitReportReporter -->
<testsuite skipped="0" hostname="DESKTOP-M0RCAUK" name="tests.DataDrivenTesting" tests="9" failures="0" timestamp="23 Jul 2021 14:27:31 GMT" time="95.088" errors="0">
  <testcase name="test" time="8.487" classname="tests.DataDrivenTesting"/>
  <testcase name="test" time="6.482" classname="tests.DataDrivenTesting"/>
  <testcase name="test" time="7.766" classname="tests.DataDrivenTesting"/>
  <testcase name="test" time="9.271" classname="tests.DataDrivenTesting"/>
  <testcase name="test" time="7.336" classname="tests.DataDrivenTesting"/>
  <testcase name="test" time="7.284" classname="tests.DataDrivenTesting"/>
  <testcase name="test" time="32.706" classname="tests.DataDrivenTesting"/>
  <testcase name="test" time="8.614" classname="tests.DataDrivenTesting"/>
  <testcase name="test" time="7.142" classname="tests.DataDrivenTesting"/>
</testsuite> <!-- tests.DataDrivenTesting -->
